d:\github\jiameng_stm32_online_update\software\host_download_app\host_download_app\debug\vc142.pdb
d:\github\jiameng_stm32_online_update\software\host_download_app\host_download_app\debug\etx_ota_update_main.obj
d:\github\jiameng_stm32_online_update\software\host_download_app\host_download_app\debug\.netframework,version=v4.7.2.assemblyattributes.obj
d:\github\jiameng_stm32_online_update\software\host_download_app\host_download_app\debug\mainform.obj
d:\github\jiameng_stm32_online_update\software\host_download_app\host_download_app\debug\hostdownloadapp.mainform.resources
d:\github\jiameng_stm32_online_update\software\host_download_app\host_download_app\debug\host_download_app.vcxproj.generateresource.cache
d:\github\jiameng_stm32_online_update\software\host_download_app\debug\host_download_app.pdb
d:\github\jiameng_stm32_online_update\software\host_download_app\host_download_app\debug\host_dow.6694343b.tlog\cl.command.1.tlog
d:\github\jiameng_stm32_online_update\software\host_download_app\host_download_app\debug\host_dow.6694343b.tlog\cl.read.1.tlog
d:\github\jiameng_stm32_online_update\software\host_download_app\host_download_app\debug\host_dow.6694343b.tlog\cl.write.1.tlog
d:\github\jiameng_stm32_online_update\software\host_download_app\host_download_app\debug\host_dow.6694343b.tlog\host_download_app.write.1u.tlog
d:\github\jiameng_stm32_online_update\software\host_download_app\host_download_app\debug\host_dow.6694343b.tlog\link.24952-cvtres.read.1.tlog
d:\github\jiameng_stm32_online_update\software\host_download_app\host_download_app\debug\host_dow.6694343b.tlog\link.24952-cvtres.write.1.tlog
d:\github\jiameng_stm32_online_update\software\host_download_app\host_download_app\debug\host_dow.6694343b.tlog\link.24952-rc.read.1.tlog
d:\github\jiameng_stm32_online_update\software\host_download_app\host_download_app\debug\host_dow.6694343b.tlog\link.24952-rc.write.1.tlog
d:\github\jiameng_stm32_online_update\software\host_download_app\host_download_app\debug\host_dow.6694343b.tlog\link.24952.read.1.tlog
d:\github\jiameng_stm32_online_update\software\host_download_app\host_download_app\debug\host_dow.6694343b.tlog\link.24952.write.1.tlog
d:\github\jiameng_stm32_online_update\software\host_download_app\host_download_app\debug\host_dow.6694343b.tlog\link.command.1.tlog
d:\github\jiameng_stm32_online_update\software\host_download_app\host_download_app\debug\host_dow.6694343b.tlog\link.read.1.tlog
d:\github\jiameng_stm32_online_update\software\host_download_app\host_download_app\debug\host_dow.6694343b.tlog\link.write.1.tlog
d:\github\jiameng_stm32_online_update\software\host_download_app\host_download_app\debug\host_dow.6694343b.tlog\metagen.read.1.tlog
d:\github\jiameng_stm32_online_update\software\host_download_app\host_download_app\debug\host_dow.6694343b.tlog\metagen.write.1.tlog
